!SESSION 2016-01-26 23:09:26.884 -----------------------------------------------
eclipse.buildId=unknown
java.version=1.8.0_72-internal
java.vendor=Oracle Corporation
BootLoader constants: OS=linux, ARCH=x86_64, WS=gtk, NL=en_US

!ENTRY org.eclipse.osgi 4 0 2016-01-26 23:09:50.260
!MESSAGE Error reading configuration: Unable to create lock manager.
!STACK 0
java.io.IOException: Unable to create lock manager.
	at org.eclipse.osgi.storagemanager.StorageManager.open(StorageManager.java:703)
	at org.eclipse.osgi.storage.Storage.getChildStorageManager(Storage.java:1760)
	at org.eclipse.osgi.storage.Storage.getInfoInputStream(Storage.java:1777)
	at org.eclipse.osgi.storage.Storage.<init>(Storage.java:128)
	at org.eclipse.osgi.storage.Storage.createStorage(Storage.java:87)
	at org.eclipse.osgi.internal.framework.EquinoxContainer.<init>(EquinoxContainer.java:75)
	at org.eclipse.osgi.launch.Equinox.<init>(Equinox.java:31)
	at org.eclipse.core.runtime.adaptor.EclipseStarter.startup(EclipseStarter.java:295)
	at org.eclipse.core.runtime.adaptor.EclipseStarter.run(EclipseStarter.java:231)
	at sun.reflect.NativeMethodAccessorImpl.invoke0(Native Method)
	at sun.reflect.NativeMethodAccessorImpl.invoke(NativeMethodAccessorImpl.java:62)
	at sun.reflect.DelegatingMethodAccessorImpl.invoke(DelegatingMethodAccessorImpl.java:43)
	at java.lang.reflect.Method.invoke(Method.java:498)
	at org.eclipse.equinox.launcher.Main.invokeFramework(Main.java:669)
	at org.eclipse.equinox.launcher.Main.basicRun(Main.java:608)
	at org.eclipse.equinox.launcher.Main.run(Main.java:1515)
	at org.eclipse.equinox.launcher.Main.main(Main.java:1488)
